[21-Nov-2025 10:27:48 Africa/Brazzaville] Blog Update Error: Post not found.
[21-Nov-2025 11:29:42 Africa/Brazzaville] PHP Warning:  Undefined variable $page_title in /var/www/html/palmsol/app/view/palmsol/login.php on line 8
[21-Nov-2025 11:29:42 Africa/Brazzaville] PHP Warning:  Undefined variable $meta_description in /var/www/html/palmsol/app/view/palmsol/login.php on line 9
[21-Nov-2025 11:29:42 Africa/Brazzaville] PHP Warning:  Undefined variable $meta_keywords in /var/www/html/palmsol/app/view/palmsol/login.php on line 10
[21-Nov-2025 11:29:42 Africa/Brazzaville] PHP Warning:  Undefined variable $schema in /var/www/html/palmsol/app/view/palmsol/login.php on line 43
[22-Nov-2025 20:32:08 Africa/Brazzaville] PHP Warning:  Undefined variable $page_title in /var/www/html/palmsol/app/view/palmsol/login.php on line 8
[22-Nov-2025 20:32:08 Africa/Brazzaville] PHP Warning:  Undefined variable $meta_description in /var/www/html/palmsol/app/view/palmsol/login.php on line 9
[22-Nov-2025 20:32:08 Africa/Brazzaville] PHP Warning:  Undefined variable $meta_keywords in /var/www/html/palmsol/app/view/palmsol/login.php on line 10
[22-Nov-2025 20:32:08 Africa/Brazzaville] PHP Warning:  Undefined variable $schema in /var/www/html/palmsol/app/view/palmsol/login.php on line 43
[22-Nov-2025 21:12:35 Africa/Brazzaville] PHP Warning:  Undefined variable $page_title in /var/www/html/palmsol/app/view/palmsol/login.php on line 8
[22-Nov-2025 21:12:35 Africa/Brazzaville] PHP Warning:  Undefined variable $meta_description in /var/www/html/palmsol/app/view/palmsol/login.php on line 9
[22-Nov-2025 21:12:35 Africa/Brazzaville] PHP Warning:  Undefined variable $meta_keywords in /var/www/html/palmsol/app/view/palmsol/login.php on line 10
[22-Nov-2025 21:12:35 Africa/Brazzaville] PHP Warning:  Undefined variable $schema in /var/www/html/palmsol/app/view/palmsol/login.php on line 43
[22-Nov-2025 21:33:38 Africa/Brazzaville] Blog Update Error: SQLSTATE[42S02]: Base table or view not found: 1146 Table 'palmsol_blog.blog_blog_posts' doesn't exist
[22-Nov-2025 21:39:23 Africa/Brazzaville] Blog Update Error: SQLSTATE[42S02]: Base table or view not found: 1146 Table 'palmsol_blog.blog_blog_posts' doesn't exist
[22-Nov-2025 21:40:08 Africa/Brazzaville] Blog Update Error: SQLSTATE[42S02]: Base table or view not found: 1146 Table 'palmsol_blog.blog_blog_posts' doesn't exist
[22-Nov-2025 21:50:14 Africa/Brazzaville] Blog Update Error: SQLSTATE[42S02]: Base table or view not found: 1146 Table 'palmsol_blog.blog_blog_posts' doesn't exist
[22-Nov-2025 22:28:44 Africa/Brazzaville] PHP Warning:  Undefined variable $page_title in /var/www/html/palmsol/app/view/palmsol/login.php on line 8
[22-Nov-2025 22:28:44 Africa/Brazzaville] PHP Warning:  Undefined variable $meta_description in /var/www/html/palmsol/app/view/palmsol/login.php on line 9
[22-Nov-2025 22:28:44 Africa/Brazzaville] PHP Warning:  Undefined variable $meta_keywords in /var/www/html/palmsol/app/view/palmsol/login.php on line 10
[22-Nov-2025 22:28:44 Africa/Brazzaville] PHP Warning:  Undefined variable $schema in /var/www/html/palmsol/app/view/palmsol/login.php on line 43
